
======================================================================
RUN #1/1 - PROCESSING ALL 48 BOOKS
Started: 2025-07-31 13:23:01
======================================================================

PROCESSING ILIAD (24 BOOKS)
======================================================================

[Iliad Book 1/24]
✓ Iliad Book 1: 611 lines, 100% validation

[Iliad Book 2/24]
✓ Iliad Book 2: 877 lines, 100% validation

[Iliad Book 3/24]
✓ Iliad Book 3: 461 lines, 100% validation

[Iliad Book 4/24]
✓ Iliad Book 4: 544 lines, 100% validation

[Iliad Book 5/24]
✓ Iliad Book 5: 909 lines, 100% validation

[Iliad Book 6/24]
✓ Iliad Book 6: 529 lines, 100% validation

[Iliad Book 7/24]
✓ Iliad Book 7: 482 lines, 100% validation

[Iliad Book 8/24]
✓ Iliad Book 8: 561 lines, 100% validation

[Iliad Book 9/24]
✓ Iliad Book 9: 709 lines, 100% validation

[Iliad Book 10/24]
✓ Iliad Book 10: 579 lines, 100% validation

[Iliad Book 11/24]
✓ Iliad Book 11: 847 lines, 100% validation

[Iliad Book 12/24]
✓ Iliad Book 12: 471 lines, 100% validation

[Iliad Book 13/24]
✓ Iliad Book 13: 837 lines, 100% validation

[Iliad Book 14/24]
✓ Iliad Book 14: 521 lines, 100% validation

[Iliad Book 15/24]
✓ Iliad Book 15: 746 lines, 100% validation

[Iliad Book 16/24]
✓ Iliad Book 16: 867 lines, 100% validation

[Iliad Book 17/24]
✓ Iliad Book 17: 761 lines, 100% validation

[Iliad Book 18/24]
✓ Iliad Book 18: 616 lines, 100% validation

[Iliad Book 19/24]
✓ Iliad Book 19: 424 lines, 100% validation

[Iliad Book 20/24]
✓ Iliad Book 20: 503 lines, 100% validation

[Iliad Book 21/24]
✓ Iliad Book 21: 611 lines, 100% validation

[Iliad Book 22/24]
✓ Iliad Book 22: 515 lines, 100% validation

[Iliad Book 23/24]
✓ Iliad Book 23: 897 lines, 100% validation

[Iliad Book 24/24]
✓ Iliad Book 24: 804 lines, 100% validation


PROCESSING ODYSSEY (24 BOOKS)
======================================================================

[Odyssey Book 1/24]
✓ Odyssey Book 1: 444 lines, 100% validation

[Odyssey Book 2/24]
✓ Odyssey Book 2: 433 lines, 100% validation

[Odyssey Book 3/24]
✓ Odyssey Book 3: 497 lines, 100% validation

[Odyssey Book 4/24]
✓ Odyssey Book 4: 847 lines, 100% validation

[Odyssey Book 5/24]
✓ Odyssey Book 5: 493 lines, 100% validation

[Odyssey Book 6/24]
✓ Odyssey Book 6: 331 lines, 100% validation

[Odyssey Book 7/24]
✓ Odyssey Book 7: 347 lines, 100% validation

[Odyssey Book 8/24]
✓ Odyssey Book 8: 586 lines, 100% validation

[Odyssey Book 9/24]
✓ Odyssey Book 9: 566 lines, 100% validation

[Odyssey Book 10/24]
✓ Odyssey Book 10: 574 lines, 100% validation

[Odyssey Book 11/24]
✓ Odyssey Book 11: 640 lines, 100% validation

[Odyssey Book 12/24]
✓ Odyssey Book 12: 453 lines, 100% validation

[Odyssey Book 13/24]
✓ Odyssey Book 13: 440 lines, 100% validation

[Odyssey Book 14/24]
✓ Odyssey Book 14: 533 lines, 100% validation

[Odyssey Book 15/24]
✓ Odyssey Book 15: 557 lines, 100% validation

[Odyssey Book 16/24]
✓ Odyssey Book 16: 481 lines, 100% validation

[Odyssey Book 17/24]
✓ Odyssey Book 17: 606 lines, 100% validation

[Odyssey Book 18/24]
✓ Odyssey Book 18: 428 lines, 100% validation

[Odyssey Book 19/24]
✓ Odyssey Book 19: 604 lines, 100% validation

[Odyssey Book 20/24]
✓ Odyssey Book 20: 394 lines, 100% validation

[Odyssey Book 21/24]
✓ Odyssey Book 21: 434 lines, 100% validation

[Odyssey Book 22/24]
✓ Odyssey Book 22: 501 lines, 100% validation

[Odyssey Book 23/24]
✓ Odyssey Book 23: 372 lines, 100% validation

[Odyssey Book 24/24]
✓ Odyssey Book 24: 548 lines, 100% validation

======================================================================
RUN #1 COMPLETE
======================================================================
Books with 100% validation: 48/48
  - Iliad: 24/24 (15,682 lines)
  - Odyssey: 24/24 (12,109 lines)
Total lines processed: 27,791
Runtime: 2997.8s (50.0 minutes)
